Performing C SOURCE FILE Test CMAKE_HAVE_LIBC_PTHREAD failed with the following output:
Change Dir: /mnt/d/DESKTOP/study/DBS/minisql/cmake-build-debug-wsl/CMakeFiles/CMakeTmp

Run Build Command(s):/usr/bin/make cmTC_ac0f9/fast && /usr/bin/make -f CMakeFiles/cmTC_ac0f9.dir/build.make CMakeFiles/cmTC_ac0f9.dir/build
make[1]: Entering directory '/mnt/d/DESKTOP/study/DBS/minisql/cmake-build-debug-wsl/CMakeFiles/CMakeTmp'
Building C object CMakeFiles/cmTC_ac0f9.dir/src.c.o
/usr/bin/cc   -DCMAKE_HAVE_LIBC_PTHREAD   -o CMakeFiles/cmTC_ac0f9.dir/src.c.o   -c /mnt/d/DESKTOP/study/DBS/minisql/cmake-build-debug-wsl/CMakeFiles/CMakeTmp/src.c
Linking C executable cmTC_ac0f9
/usr/bin/cmake -E cmake_link_script CMakeFiles/cmTC_ac0f9.dir/link.txt --verbose=1
/usr/bin/cc  -DCMAKE_HAVE_LIBC_PTHREAD    -rdynamic CMakeFiles/cmTC_ac0f9.dir/src.c.o  -o cmTC_ac0f9 
/usr/bin/ld: CMakeFiles/cmTC_ac0f9.dir/src.c.o: in function `main':
src.c:(.text+0x46): undefined reference to `pthread_create'
/usr/bin/ld: src.c:(.text+0x52): undefined reference to `pthread_detach'
/usr/bin/ld: src.c:(.text+0x63): undefined reference to `pthread_join'
collect2: error: ld returned 1 exit status
make[1]: *** [CMakeFiles/cmTC_ac0f9.dir/build.make:87: cmTC_ac0f9] Error 1
make[1]: Leaving directory '/mnt/d/DESKTOP/study/DBS/minisql/cmake-build-debug-wsl/CMakeFiles/CMakeTmp'
make: *** [Makefile:121: cmTC_ac0f9/fast] Error 2


Source file was:
#include <pthread.h>

void* test_func(void* data)
{
  return data;
}

int main(void)
{
  pthread_t thread;
  pthread_create(&thread, NULL, test_func, NULL);
  pthread_detach(thread);
  pthread_join(thread, NULL);
  pthread_atfork(NULL, NULL, NULL);
  pthread_exit(NULL);

  return 0;
}

Determining if the function pthread_create exists in the pthreads failed with the following output:
Change Dir: /mnt/d/DESKTOP/study/DBS/minisql/cmake-build-debug-wsl/CMakeFiles/CMakeTmp

Run Build Command(s):/usr/bin/make cmTC_dd0c3/fast && /usr/bin/make -f CMakeFiles/cmTC_dd0c3.dir/build.make CMakeFiles/cmTC_dd0c3.dir/build
make[1]: Entering directory '/mnt/d/DESKTOP/study/DBS/minisql/cmake-build-debug-wsl/CMakeFiles/CMakeTmp'
Building C object CMakeFiles/cmTC_dd0c3.dir/CheckFunctionExists.c.o
/usr/bin/cc   -DCHECK_FUNCTION_EXISTS=pthread_create   -o CMakeFiles/cmTC_dd0c3.dir/CheckFunctionExists.c.o   -c /usr/share/cmake-3.16/Modules/CheckFunctionExists.c
Linking C executable cmTC_dd0c3
/usr/bin/cmake -E cmake_link_script CMakeFiles/cmTC_dd0c3.dir/link.txt --verbose=1
/usr/bin/cc  -DCHECK_FUNCTION_EXISTS=pthread_create    -rdynamic CMakeFiles/cmTC_dd0c3.dir/CheckFunctionExists.c.o  -o cmTC_dd0c3  -lpthreads 
/usr/bin/ld: cannot find -lpthreads
collect2: error: ld returned 1 exit status
make[1]: *** [CMakeFiles/cmTC_dd0c3.dir/build.make:87: cmTC_dd0c3] Error 1
make[1]: Leaving directory '/mnt/d/DESKTOP/study/DBS/minisql/cmake-build-debug-wsl/CMakeFiles/CMakeTmp'
make: *** [Makefile:121: cmTC_dd0c3/fast] Error 2



Determining size of unsigned __int16 failed with the following output:
Change Dir: /mnt/d/DESKTOP/study/DBS/minisql/cmake-build-debug-wsl/CMakeFiles/CMakeTmp

Run Build Command(s):/usr/bin/make cmTC_1f286/fast && /usr/bin/make -f CMakeFiles/cmTC_1f286.dir/build.make CMakeFiles/cmTC_1f286.dir/build
make[1]: Entering directory '/mnt/d/DESKTOP/study/DBS/minisql/cmake-build-debug-wsl/CMakeFiles/CMakeTmp'
Building CXX object CMakeFiles/cmTC_1f286.dir/HAVE___UINT16.cpp.o
/usr/bin/c++    -fPIE   -std=gnu++17 -o CMakeFiles/cmTC_1f286.dir/HAVE___UINT16.cpp.o -c /mnt/d/DESKTOP/study/DBS/minisql/cmake-build-debug-wsl/CMakeFiles/CheckTypeSize/HAVE___UINT16.cpp
/mnt/d/DESKTOP/study/DBS/minisql/cmake-build-debug-wsl/CMakeFiles/CheckTypeSize/HAVE___UINT16.cpp:23:22: error: expected primary-expression before ‘unsigned’
   23 | #define SIZE (sizeof(unsigned __int16))
      |                      ^~~~~~~~
/mnt/d/DESKTOP/study/DBS/minisql/cmake-build-debug-wsl/CMakeFiles/CheckTypeSize/HAVE___UINT16.cpp:25:12: note: in expansion of macro ‘SIZE’
   25 |   ('0' + ((SIZE / 10000)%10)),
      |            ^~~~
/mnt/d/DESKTOP/study/DBS/minisql/cmake-build-debug-wsl/CMakeFiles/CheckTypeSize/HAVE___UINT16.cpp:23:22: error: expected ‘)’ before ‘unsigned’
   23 | #define SIZE (sizeof(unsigned __int16))
      |                     ~^~~~~~~~
/mnt/d/DESKTOP/study/DBS/minisql/cmake-build-debug-wsl/CMakeFiles/CheckTypeSize/HAVE___UINT16.cpp:25:12: note: in expansion of macro ‘SIZE’
   25 |   ('0' + ((SIZE / 10000)%10)),
      |            ^~~~
/mnt/d/DESKTOP/study/DBS/minisql/cmake-build-debug-wsl/CMakeFiles/CheckTypeSize/HAVE___UINT16.cpp:34:7: error: expected ‘)’ before ‘}’ token
   34 |   '\0'};
      |       ^
      |       )
/mnt/d/DESKTOP/study/DBS/minisql/cmake-build-debug-wsl/CMakeFiles/CheckTypeSize/HAVE___UINT16.cpp:23:14: note: to match this ‘(’
   23 | #define SIZE (sizeof(unsigned __int16))
      |              ^
/mnt/d/DESKTOP/study/DBS/minisql/cmake-build-debug-wsl/CMakeFiles/CheckTypeSize/HAVE___UINT16.cpp:25:12: note: in expansion of macro ‘SIZE’
   25 |   ('0' + ((SIZE / 10000)%10)),
      |            ^~~~
/mnt/d/DESKTOP/study/DBS/minisql/cmake-build-debug-wsl/CMakeFiles/CheckTypeSize/HAVE___UINT16.cpp:34:7: error: expected ‘)’ before ‘}’ token
   34 |   '\0'};
      |       ^
      |       )
/mnt/d/DESKTOP/study/DBS/minisql/cmake-build-debug-wsl/CMakeFiles/CheckTypeSize/HAVE___UINT16.cpp:25:11: note: to match this ‘(’
   25 |   ('0' + ((SIZE / 10000)%10)),
      |           ^
/mnt/d/DESKTOP/study/DBS/minisql/cmake-build-debug-wsl/CMakeFiles/CheckTypeSize/HAVE___UINT16.cpp:34:7: error: expected ‘)’ before ‘}’ token
   34 |   '\0'};
      |       ^
      |       )
/mnt/d/DESKTOP/study/DBS/minisql/cmake-build-debug-wsl/CMakeFiles/CheckTypeSize/HAVE___UINT16.cpp:25:10: note: to match this ‘(’
   25 |   ('0' + ((SIZE / 10000)%10)),
      |          ^
/mnt/d/DESKTOP/study/DBS/minisql/cmake-build-debug-wsl/CMakeFiles/CheckTypeSize/HAVE___UINT16.cpp:34:7: error: expected ‘)’ before ‘}’ token
   34 |   '\0'};
      |       ^
      |       )
/mnt/d/DESKTOP/study/DBS/minisql/cmake-build-debug-wsl/CMakeFiles/CheckTypeSize/HAVE___UINT16.cpp:25:3: note: to match this ‘(’
   25 |   ('0' + ((SIZE / 10000)%10)),
      |   ^
make[1]: *** [CMakeFiles/cmTC_1f286.dir/build.make:66: CMakeFiles/cmTC_1f286.dir/HAVE___UINT16.cpp.o] Error 1
make[1]: Leaving directory '/mnt/d/DESKTOP/study/DBS/minisql/cmake-build-debug-wsl/CMakeFiles/CMakeTmp'
make: *** [Makefile:121: cmTC_1f286/fast] Error 2


/mnt/d/DESKTOP/study/DBS/minisql/cmake-build-debug-wsl/CMakeFiles/CheckTypeSize/HAVE___UINT16.cpp:
#include <sys/types.h>
#include <stdint.h>
#include <stddef.h>


#undef KEY
#if defined(__i386)
# define KEY '_','_','i','3','8','6'
#elif defined(__x86_64)
# define KEY '_','_','x','8','6','_','6','4'
#elif defined(__ppc__)
# define KEY '_','_','p','p','c','_','_'
#elif defined(__ppc64__)
# define KEY '_','_','p','p','c','6','4','_','_'
#elif defined(__aarch64__)
# define KEY '_','_','a','a','r','c','h','6','4','_','_'
#elif defined(__ARM_ARCH_7A__)
# define KEY '_','_','A','R','M','_','A','R','C','H','_','7','A','_','_'
#elif defined(__ARM_ARCH_7S__)
# define KEY '_','_','A','R','M','_','A','R','C','H','_','7','S','_','_'
#endif

#define SIZE (sizeof(unsigned __int16))
static char info_size[] =  {'I', 'N', 'F', 'O', ':', 's','i','z','e','[',
  ('0' + ((SIZE / 10000)%10)),
  ('0' + ((SIZE / 1000)%10)),
  ('0' + ((SIZE / 100)%10)),
  ('0' + ((SIZE / 10)%10)),
  ('0' +  (SIZE    % 10)),
  ']',
#ifdef KEY
  ' ','k','e','y','[', KEY, ']',
#endif
  '\0'};

#ifdef __CLASSIC_C__
int main(argc, argv) int argc; char *argv[];
#else
int main(int argc, char *argv[])
#endif
{
  int require = 0;
  require += info_size[argc];
  (void)argv;
  return require;
}


Determining if the function dladdr exists failed with the following output:
Change Dir: /mnt/d/DESKTOP/study/DBS/minisql/cmake-build-debug-wsl/CMakeFiles/CMakeTmp

Run Build Command(s):/usr/bin/make cmTC_c21a8/fast && /usr/bin/make -f CMakeFiles/cmTC_c21a8.dir/build.make CMakeFiles/cmTC_c21a8.dir/build
make[1]: Entering directory '/mnt/d/DESKTOP/study/DBS/minisql/cmake-build-debug-wsl/CMakeFiles/CMakeTmp'
Building C object CMakeFiles/cmTC_c21a8.dir/CheckFunctionExists.c.o
/usr/bin/cc   -DCHECK_FUNCTION_EXISTS=dladdr -fPIE   -o CMakeFiles/cmTC_c21a8.dir/CheckFunctionExists.c.o   -c /usr/share/cmake-3.16/Modules/CheckFunctionExists.c
Linking C executable cmTC_c21a8
/usr/bin/cmake -E cmake_link_script CMakeFiles/cmTC_c21a8.dir/link.txt --verbose=1
/usr/bin/cc  -DCHECK_FUNCTION_EXISTS=dladdr    CMakeFiles/cmTC_c21a8.dir/CheckFunctionExists.c.o  -o cmTC_c21a8 
/usr/bin/ld: CMakeFiles/cmTC_c21a8.dir/CheckFunctionExists.c.o: in function `main':
CheckFunctionExists.c:(.text+0x14): undefined reference to `dladdr'
collect2: error: ld returned 1 exit status
make[1]: *** [CMakeFiles/cmTC_c21a8.dir/build.make:87: cmTC_c21a8] Error 1
make[1]: Leaving directory '/mnt/d/DESKTOP/study/DBS/minisql/cmake-build-debug-wsl/CMakeFiles/CMakeTmp'
make: *** [Makefile:121: cmTC_c21a8/fast] Error 2



Performing C++ SOURCE FILE Test HAVE_NO_UNNAMED_TYPE_TEMPLATE_ARGS failed with the following output:
Change Dir: /mnt/d/DESKTOP/study/DBS/minisql/cmake-build-debug-wsl/CMakeFiles/CMakeTmp

Run Build Command(s):/usr/bin/make cmTC_cd312/fast && /usr/bin/make -f CMakeFiles/cmTC_cd312.dir/build.make CMakeFiles/cmTC_cd312.dir/build
make[1]: Entering directory '/mnt/d/DESKTOP/study/DBS/minisql/cmake-build-debug-wsl/CMakeFiles/CMakeTmp'
Building CXX object CMakeFiles/cmTC_cd312.dir/src.cxx.o
/usr/bin/c++    -DHAVE_NO_UNNAMED_TYPE_TEMPLATE_ARGS -fPIE   -Wunnamed-type-template-args -std=gnu++17 -o CMakeFiles/cmTC_cd312.dir/src.cxx.o -c /mnt/d/DESKTOP/study/DBS/minisql/cmake-build-debug-wsl/CMakeFiles/CMakeTmp/src.cxx
c++: error: unrecognized command line option '-Wunnamed-type-template-args'
make[1]: *** [CMakeFiles/cmTC_cd312.dir/build.make:66: CMakeFiles/cmTC_cd312.dir/src.cxx.o] Error 1
make[1]: Leaving directory '/mnt/d/DESKTOP/study/DBS/minisql/cmake-build-debug-wsl/CMakeFiles/CMakeTmp'
make: *** [Makefile:121: cmTC_cd312/fast] Error 2


Source file was:
int main() { return 0; }
Determining if the pthread_threadid_np exist failed with the following output:
Change Dir: /mnt/d/DESKTOP/study/DBS/minisql/cmake-build-debug-wsl/CMakeFiles/CMakeTmp

Run Build Command(s):/usr/bin/make cmTC_88b34/fast && /usr/bin/make -f CMakeFiles/cmTC_88b34.dir/build.make CMakeFiles/cmTC_88b34.dir/build
make[1]: Entering directory '/mnt/d/DESKTOP/study/DBS/minisql/cmake-build-debug-wsl/CMakeFiles/CMakeTmp'
Building CXX object CMakeFiles/cmTC_88b34.dir/CheckSymbolExists.cxx.o
/usr/bin/c++    -fPIE   -std=gnu++17 -o CMakeFiles/cmTC_88b34.dir/CheckSymbolExists.cxx.o -c /mnt/d/DESKTOP/study/DBS/minisql/cmake-build-debug-wsl/CMakeFiles/CMakeTmp/CheckSymbolExists.cxx
/mnt/d/DESKTOP/study/DBS/minisql/cmake-build-debug-wsl/CMakeFiles/CMakeTmp/CheckSymbolExists.cxx: In function ‘int main(int, char**)’:
/mnt/d/DESKTOP/study/DBS/minisql/cmake-build-debug-wsl/CMakeFiles/CMakeTmp/CheckSymbolExists.cxx:8:19: error: ‘pthread_threadid_np’ was not declared in this scope; did you mean ‘pthread_tryjoin_np’?
    8 |   return ((int*)(&pthread_threadid_np))[argc];
      |                   ^~~~~~~~~~~~~~~~~~~
      |                   pthread_tryjoin_np
make[1]: *** [CMakeFiles/cmTC_88b34.dir/build.make:66: CMakeFiles/cmTC_88b34.dir/CheckSymbolExists.cxx.o] Error 1
make[1]: Leaving directory '/mnt/d/DESKTOP/study/DBS/minisql/cmake-build-debug-wsl/CMakeFiles/CMakeTmp'
make: *** [Makefile:121: cmTC_88b34/fast] Error 2


File /mnt/d/DESKTOP/study/DBS/minisql/cmake-build-debug-wsl/CMakeFiles/CMakeTmp/CheckSymbolExists.cxx:
/* */
#include <pthread.h>

int main(int argc, char** argv)
{
  (void)argv;
#ifndef pthread_threadid_np
  return ((int*)(&pthread_threadid_np))[argc];
#else
  (void)argc;
  return 0;
#endif
}
Determining if the function UnDecorateSymbolName exists in the dbghelp failed with the following output:
Change Dir: /mnt/d/DESKTOP/study/DBS/minisql/cmake-build-debug-wsl/CMakeFiles/CMakeTmp

Run Build Command(s):/usr/bin/make cmTC_50f12/fast && /usr/bin/make -f CMakeFiles/cmTC_50f12.dir/build.make CMakeFiles/cmTC_50f12.dir/build
make[1]: Entering directory '/mnt/d/DESKTOP/study/DBS/minisql/cmake-build-debug-wsl/CMakeFiles/CMakeTmp'
Building C object CMakeFiles/cmTC_50f12.dir/CheckFunctionExists.c.o
/usr/bin/cc   -DCHECK_FUNCTION_EXISTS=UnDecorateSymbolName -fPIE   -o CMakeFiles/cmTC_50f12.dir/CheckFunctionExists.c.o   -c /usr/share/cmake-3.16/Modules/CheckFunctionExists.c
Linking C executable cmTC_50f12
/usr/bin/cmake -E cmake_link_script CMakeFiles/cmTC_50f12.dir/link.txt --verbose=1
/usr/bin/cc  -DCHECK_FUNCTION_EXISTS=UnDecorateSymbolName    -rdynamic CMakeFiles/cmTC_50f12.dir/CheckFunctionExists.c.o  -o cmTC_50f12  -ldbghelp 
/usr/bin/ld: cannot find -ldbghelp
collect2: error: ld returned 1 exit status
make[1]: *** [CMakeFiles/cmTC_50f12.dir/build.make:87: cmTC_50f12] Error 1
make[1]: Leaving directory '/mnt/d/DESKTOP/study/DBS/minisql/cmake-build-debug-wsl/CMakeFiles/CMakeTmp'
make: *** [Makefile:121: cmTC_50f12/fast] Error 2



Performing C++ SOURCE FILE Test HAVE___DECLSPEC failed with the following output:
Change Dir: /mnt/d/DESKTOP/study/DBS/minisql/cmake-build-debug-wsl/CMakeFiles/CMakeTmp

Run Build Command(s):/usr/bin/make cmTC_96652/fast && /usr/bin/make -f CMakeFiles/cmTC_96652.dir/build.make CMakeFiles/cmTC_96652.dir/build
make[1]: Entering directory '/mnt/d/DESKTOP/study/DBS/minisql/cmake-build-debug-wsl/CMakeFiles/CMakeTmp'
Building CXX object CMakeFiles/cmTC_96652.dir/src.cxx.o
/usr/bin/c++    -DHAVE___DECLSPEC -fPIE   -std=gnu++17 -o CMakeFiles/cmTC_96652.dir/src.cxx.o -c /mnt/d/DESKTOP/study/DBS/minisql/cmake-build-debug-wsl/CMakeFiles/CMakeTmp/src.cxx
/mnt/d/DESKTOP/study/DBS/minisql/cmake-build-debug-wsl/CMakeFiles/CMakeTmp/src.cxx:2:11: error: expected constructor, destructor, or type conversion before ‘(’ token
    2 | __declspec(selectany) int a;
      |           ^
make[1]: *** [CMakeFiles/cmTC_96652.dir/build.make:66: CMakeFiles/cmTC_96652.dir/src.cxx.o] Error 1
make[1]: Leaving directory '/mnt/d/DESKTOP/study/DBS/minisql/cmake-build-debug-wsl/CMakeFiles/CMakeTmp'
make: *** [Makefile:121: cmTC_96652/fast] Error 2


Source file was:

__declspec(selectany) int a;
int main(void) { return 0; }

Performing C++ SOURCE FILE Test STL_NO_NAMESPACE failed with the following output:
Change Dir: /mnt/d/DESKTOP/study/DBS/minisql/cmake-build-debug-wsl/CMakeFiles/CMakeTmp

Run Build Command(s):/usr/bin/make cmTC_272f5/fast && /usr/bin/make -f CMakeFiles/cmTC_272f5.dir/build.make CMakeFiles/cmTC_272f5.dir/build
make[1]: Entering directory '/mnt/d/DESKTOP/study/DBS/minisql/cmake-build-debug-wsl/CMakeFiles/CMakeTmp'
Building CXX object CMakeFiles/cmTC_272f5.dir/src.cxx.o
/usr/bin/c++    -DSTL_NO_NAMESPACE -fPIE   -std=gnu++17 -o CMakeFiles/cmTC_272f5.dir/src.cxx.o -c /mnt/d/DESKTOP/study/DBS/minisql/cmake-build-debug-wsl/CMakeFiles/CMakeTmp/src.cxx
/mnt/d/DESKTOP/study/DBS/minisql/cmake-build-debug-wsl/CMakeFiles/CMakeTmp/src.cxx:3:1: error: ‘vector’ does not name a type
    3 | vector<int> t; int main() { }
      | ^~~~~~
make[1]: *** [CMakeFiles/cmTC_272f5.dir/build.make:66: CMakeFiles/cmTC_272f5.dir/src.cxx.o] Error 1
make[1]: Leaving directory '/mnt/d/DESKTOP/study/DBS/minisql/cmake-build-debug-wsl/CMakeFiles/CMakeTmp'
make: *** [Makefile:121: cmTC_272f5/fast] Error 2


Source file was:

#include <vector>
vector<int> t; int main() { }

Performing C++ SOURCE FILE Test HAVE_MSVC_TLS failed with the following output:
Change Dir: /mnt/d/DESKTOP/study/DBS/minisql/cmake-build-debug-wsl/CMakeFiles/CMakeTmp

Run Build Command(s):/usr/bin/make cmTC_7360c/fast && /usr/bin/make -f CMakeFiles/cmTC_7360c.dir/build.make CMakeFiles/cmTC_7360c.dir/build
make[1]: Entering directory '/mnt/d/DESKTOP/study/DBS/minisql/cmake-build-debug-wsl/CMakeFiles/CMakeTmp'
Building CXX object CMakeFiles/cmTC_7360c.dir/src.cxx.o
/usr/bin/c++    -DHAVE_MSVC_TLS -fPIE   -std=gnu++17 -o CMakeFiles/cmTC_7360c.dir/src.cxx.o -c /mnt/d/DESKTOP/study/DBS/minisql/cmake-build-debug-wsl/CMakeFiles/CMakeTmp/src.cxx
/mnt/d/DESKTOP/study/DBS/minisql/cmake-build-debug-wsl/CMakeFiles/CMakeTmp/src.cxx:2:11: error: expected constructor, destructor, or type conversion before ‘(’ token
    2 | __declspec(thread) int tls;
      |           ^
make[1]: *** [CMakeFiles/cmTC_7360c.dir/build.make:66: CMakeFiles/cmTC_7360c.dir/src.cxx.o] Error 1
make[1]: Leaving directory '/mnt/d/DESKTOP/study/DBS/minisql/cmake-build-debug-wsl/CMakeFiles/CMakeTmp'
make: *** [Makefile:121: cmTC_7360c/fast] Error 2


Source file was:

__declspec(thread) int tls;
int main() { }

